<?xml version='1.0' encoding='UTF-8'?>
<testsuite hostname="DESKTOP-U6PDVQA" name="WordStatIndexTest" tests="9" errors="0" failures="0" skipped="0" time="809.052" timestamp="2021-06-03T18:42:24">
                     <properties>
      <property name="awt.toolkit" value="sun.awt.windows.WToolkit"/><property name="java.specification.version" value="11"/><property name="sun.cpu.isalist" value="amd64"/><property name="sun.jnu.encoding" value="Cp1251"/><property name="sun.arch.data.model" value="64"/><property name="java.vendor.url" value="https://openjdk.java.net/"/><property name="sun.boot.library.path" value="C:\Program Files\JetBrains\IntelliJ IDEA 2020.2.4\jbr\bin"/><property name="sun.java.command" value="C:\Users\student\AppData\Local\JetBrains\IntelliJIdea2020.2\sbtexe\sbt-launch-1.3.9.jar test exit"/><property name="jdk.debug" value="release"/><property name="java.specification.vendor" value="Oracle Corporation"/><property name="java.version.date" value="2020-10-20"/><property name="java.home" value="C:\Program Files\JetBrains\IntelliJ IDEA 2020.2.4\jbr"/><property name="file.separator" value="\"/><property name="java.vm.compressedOopsMode" value="32-bit"/><property name="line.separator" value="
"/><property name="java.specification.name" value="Java Platform API Specification"/><property name="java.vm.specification.vendor" value="Oracle Corporation"/><property name="user.script" value=""/><property name="sun.management.compiler" value="HotSpot 64-Bit Tiered Compilers"/><property name="java.runtime.version" value="11.0.9+11-b944.49"/><property name="user.name" value="student"/><property name="log4j.ignoreTCL" value="true"/><property name="file.encoding" value="Cp1251"/><property name="jnidispatch.path" value="C:\Users\student\AppData\Local\Temp\jna--1879145925\jna17849529197849768909.dll"/><property name="java.vendor.version" value="JBR-11.0.9.11-944.49-jcef"/><property name="jna.loaded" value="true"/><property name="java.io.tmpdir" value="C:\Users\student\AppData\Local\Temp\"/><property name="java.version" value="11.0.9"/><property name="java.vm.specification.name" value="Java Virtual Machine Specification"/><property name="java.awt.printerjob" value="sun.awt.windows.WPrinterJob"/><property name="sun.os.patch.level" value=""/><property name="java.library.path" value="C:\Program Files\JetBrains\IntelliJ IDEA 2020.2.4\jbr\bin;C:\WINDOWS\Sun\Java\bin;C:\WINDOWS\system32;C:\WINDOWS;C:\Python39\Scripts\;C:\Python39\;C:\Program Files\AdoptOpenJDK\jdk-11.0.9.101-hotspot\bin;C:\WINDOWS\system32;C:\WINDOWS;C:\WINDOWS\System32\Wbem;C:\WINDOWS\System32\WindowsPowerShell\v1.0\;C:\WINDOWS\System32\OpenSSH\;C:\Program Files\dotnet\;C:\Program Files (x86)\dotnet\;C:\Program Files\Microsoft SQL Server\130\Tools\Binn\;C:\Program Files\Microsoft SQL Server\Client SDK\ODBC\170\Tools\Binn\;C:\Program Files\nodejs\;C:\ProgramData\chocolatey\bin;C:\Program Files\Microsoft SQL Server\120\Tools\Binn\;C:\Program Files\Common Files\Autodesk Shared\;C:\Users\student\AppData\Local\Microsoft\WindowsApps;C:\Users\student\AppData\Local\Programs\Git\cmd;C:\Users\student\AppData\Local\Programs\Microsoft VS Code\bin;;."/><property name="java.vendor" value="JetBrains s.r.o."/><property name="sun.io.unicode.encoding" value="UnicodeLittle"/><property name="sun.desktop" value="windows"/><property name="java.class.path" value="C:\Users\student\AppData\Local\JetBrains\IntelliJIdea2020.2\sbtexe\sbt-launch-1.3.9.jar"/><property name="java.vm.vendor" value="JetBrains s.r.o."/><property name="user.variant" value=""/><property name="jline.shutdownhook" value="false"/><property name="user.timezone" value="Europe/Moscow"/><property name="os.name" value="Windows 10"/><property name="java.vm.specification.version" value="11"/><property name="sun.java.launcher" value="SUN_STANDARD"/><property name="user.country" value="RU"/><property name="sun.cpu.endian" value="little"/><property name="user.home" value="C:\Users\student"/><property name="user.language" value="ru"/><property name="swoval.tmpdir" value="C:\Users\student\.sbt\1.0"/><property name="java.awt.graphicsenv" value="sun.awt.Win32GraphicsEnvironment"/><property name="jline.esc.timeout" value="0"/><property name="path.separator" value=";"/><property name="os.version" value="10.0"/><property name="jna.nosys" value="true"/><property name="java.runtime.name" value="OpenJDK Runtime Environment"/><property name="sbt.log.noformat" value="true"/><property name="java.vm.name" value="OpenJDK 64-Bit Server VM"/><property name="java.vendor.url.bug" value="https://bugreport.java.com/bugreport/"/><property name="user.dir" value="C:\Users\student\Documents\progtemp\Folder1\Lecture-2-A"/><property name="os.arch" value="amd64"/><property name="java.vm.info" value="mixed mode"/><property name="java.vm.version" value="11.0.9+11-b944.49"/><property name="java.class.version" value="55.0"/>
    </properties>
                     <testcase classname="WordStatIndexTest" name="Yorick" time="0.104">
                                                 
                                               </testcase><testcase classname="WordStatIndexTest" name="Monday's Child" time="0.006">
                                                 
                                               </testcase><testcase classname="WordStatIndexTest" name="Шалтай-Болтай" time="0.002">
                                                 
                                               </testcase><testcase classname="WordStatIndexTest" name="Repeated" time="0.63">
                                                 
                                               </testcase><testcase classname="WordStatIndexTest" name="random 10, 3, 5 en" time="0.042">
                                                 
                                               </testcase><testcase classname="WordStatIndexTest" name="random 3, 10, 10 symbols" time="0.008">
                                                 
                                               </testcase><testcase classname="WordStatIndexTest" name="random 3, 10, 10 en" time="0.005">
                                                 
                                               </testcase><testcase classname="WordStatIndexTest" name="random 10, 3, 5 ru" time="0.002">
                                                 
                                               </testcase><testcase classname="WordStatIndexTest" name="random 100, 1000, 100 all" time="808.253">
                                                 
                                               </testcase>
                     <system-out><![CDATA[]]></system-out>
                     <system-err><![CDATA[]]></system-err>
                   </testsuite>